Using pre-set license
Built from '2021.3/staging' branch; Version is '2021.3.3f1 (af2e63e8f9bd) revision 11480675'; Using compiler version '192829333'; Build Type 'Release'
OS: 'Windows 10  (10.0.19043) 64bit Core' Language: 'en' Physical Memory: 24430 MB
BatchMode: 1, IsHumanControllingUs: 0, StartBugReporterOnCrash: 0, Is64bit: 1, IsPro: 1

COMMAND LINE ARGUMENTS:
C:\Program Files\Unity\Hub\Editor\2021.3.3f1\Editor\Unity.exe
-adb2
-batchMode
-noUpm
-name
AssetImportWorker0
-projectPath
C:/Users/William Brett/Documents/GitHub/SocialDeduction
-logFile
Logs/AssetImportWorker0.log
-srvPort
54249
Successfully changed project path to: C:/Users/William Brett/Documents/GitHub/SocialDeduction
C:/Users/William Brett/Documents/GitHub/SocialDeduction
[UnityMemory] Configuration Parameters - Can be set up in boot.config
    "memorysetup-bucket-allocator-granularity=16"
    "memorysetup-bucket-allocator-bucket-count=8"
    "memorysetup-bucket-allocator-block-size=33554432"
    "memorysetup-bucket-allocator-block-count=8"
    "memorysetup-main-allocator-block-size=16777216"
    "memorysetup-thread-allocator-block-size=16777216"
    "memorysetup-gfx-main-allocator-block-size=16777216"
    "memorysetup-gfx-thread-allocator-block-size=16777216"
    "memorysetup-cache-allocator-block-size=4194304"
    "memorysetup-typetree-allocator-block-size=2097152"
    "memorysetup-profiler-bucket-allocator-granularity=16"
    "memorysetup-profiler-bucket-allocator-bucket-count=8"
    "memorysetup-profiler-bucket-allocator-block-size=33554432"
    "memorysetup-profiler-bucket-allocator-block-count=8"
    "memorysetup-profiler-allocator-block-size=16777216"
    "memorysetup-profiler-editor-allocator-block-size=1048576"
    "memorysetup-temp-allocator-size-main=16777216"
    "memorysetup-job-temp-allocator-block-size=2097152"
    "memorysetup-job-temp-allocator-block-size-background=1048576"
    "memorysetup-job-temp-allocator-reduction-small-platforms=262144"
    "memorysetup-temp-allocator-size-background-worker=32768"
    "memorysetup-temp-allocator-size-job-worker=262144"
    "memorysetup-temp-allocator-size-preload-manager=33554432"
    "memorysetup-temp-allocator-size-nav-mesh-worker=65536"
    "memorysetup-temp-allocator-size-audio-worker=65536"
    "memorysetup-temp-allocator-size-cloud-worker=32768"
    "memorysetup-temp-allocator-size-gi-baking-worker=262144"
    "memorysetup-temp-allocator-size-gfx=262144"
Refreshing native plugins compatible for Editor in 117.56 ms, found 3 plugins.
Preloading 0 native plugins for Editor in 0.00 ms.
Initialize engine version: 2021.3.3f1 (af2e63e8f9bd)
[Subsystems] Discovering subsystems at path C:/Program Files/Unity/Hub/Editor/2021.3.3f1/Editor/Data/Resources/UnitySubsystems
[Subsystems] Discovering subsystems at path C:/Users/William Brett/Documents/GitHub/SocialDeduction/Assets
GfxDevice: creating device client; threaded=0; jobified=0
Direct3D:
    Version:  Direct3D 11.0 [level 11.1]
    Renderer: Intel(R) UHD Graphics 620 (ID=0x5917)
    Vendor:   Intel
    VRAM:     12215 MB
    Driver:   30.0.101.1122
Initialize mono
Mono path[0] = 'C:/Program Files/Unity/Hub/Editor/2021.3.3f1/Editor/Data/Managed'
Mono path[1] = 'C:/Program Files/Unity/Hub/Editor/2021.3.3f1/Editor/Data/MonoBleedingEdge/lib/mono/unityjit-win32'
Mono config path = 'C:/Program Files/Unity/Hub/Editor/2021.3.3f1/Editor/Data/MonoBleedingEdge/etc'
Using monoOptions --debugger-agent=transport=dt_socket,embedding=1,server=y,suspend=n,address=127.0.0.1:56720
Begin MonoManager ReloadAssembly
Registering precompiled unity dll's ...
Register platform support module: C:/Program Files/Unity/Hub/Editor/2021.3.3f1/Editor/Data/PlaybackEngines/WindowsStandaloneSupport/UnityEditor.WindowsStandalone.Extensions.dll
Registered in 0.014778 seconds.
Native extension for WindowsStandalone target not found
Refreshing native plugins compatible for Editor in 109.19 ms, found 3 plugins.
Preloading 0 native plugins for Editor in 0.00 ms.
Mono: successfully reloaded assembly
- Completed reload, in  0.984 seconds
Domain Reload Profiling:
	ReloadAssembly (985ms)
		BeginReloadAssembly (151ms)
			ExecutionOrderSort (0ms)
			DisableScriptedObjects (0ms)
			BackupInstance (0ms)
			ReleaseScriptingObjects (0ms)
			CreateAndSetChildDomain (1ms)
		EndReloadAssembly (679ms)
			LoadAssemblies (147ms)
			RebuildTransferFunctionScriptingTraits (0ms)
			SetupTypeCache (189ms)
			ReleaseScriptCaches (0ms)
			RebuildScriptCaches (48ms)
			SetupLoadedEditorAssemblies (362ms)
				LogAssemblyErrors (0ms)
				InitializePlatformSupportModulesInManaged (15ms)
				SetLoadedEditorAssemblies (0ms)
				RefreshPlugins (109ms)
				BeforeProcessingInitializeOnLoad (2ms)
				ProcessInitializeOnLoadAttributes (172ms)
				ProcessInitializeOnLoadMethodAttributes (64ms)
				AfterProcessingInitializeOnLoad (0ms)
				EditorAssembliesLoaded (0ms)
			ExecutionOrderSort2 (0ms)
			AwakeInstancesAfterBackupRestoration (0ms)
Platform modules already initialized, skipping
Registering precompiled user dll's ...
Registered in 0.014434 seconds.
Begin MonoManager ReloadAssembly
Symbol file LoadedFromMemory doesn't match image C:\Users\William Brett\Documents\GitHub\SocialDeduction\Library\PackageCache\com.unity.visualscripting@1.7.6\Editor\VisualScripting.Core\Dependencies\YamlDotNet\Unity.VisualScripting.YamlDotNet.dll
Symbol file LoadedFromMemory doesn't match image C:\Users\William Brett\Documents\GitHub\SocialDeduction\Library\PackageCache\com.unity.visualscripting@1.7.6\Editor\VisualScripting.Core\Dependencies\DotNetZip\Unity.VisualScripting.IonicZip.dll
Native extension for WindowsStandalone target not found
Refreshing native plugins compatible for Editor in 0.61 ms, found 3 plugins.
Preloading 0 native plugins for Editor in 0.00 ms.
Mono: successfully reloaded assembly
- Completed reload, in  1.312 seconds
Domain Reload Profiling:
	ReloadAssembly (1313ms)
		BeginReloadAssembly (145ms)
			ExecutionOrderSort (0ms)
			DisableScriptedObjects (7ms)
			BackupInstance (0ms)
			ReleaseScriptingObjects (0ms)
			CreateAndSetChildDomain (23ms)
		EndReloadAssembly (1000ms)
			LoadAssemblies (149ms)
			RebuildTransferFunctionScriptingTraits (0ms)
			SetupTypeCache (281ms)
			ReleaseScriptCaches (1ms)
			RebuildScriptCaches (59ms)
			SetupLoadedEditorAssemblies (466ms)
				LogAssemblyErrors (0ms)
				InitializePlatformSupportModulesInManaged (9ms)
				SetLoadedEditorAssemblies (1ms)
				RefreshPlugins (1ms)
				BeforeProcessingInitializeOnLoad (118ms)
				ProcessInitializeOnLoadAttributes (286ms)
				ProcessInitializeOnLoadMethodAttributes (37ms)
				AfterProcessingInitializeOnLoad (15ms)
				EditorAssembliesLoaded (0ms)
			ExecutionOrderSort2 (0ms)
			AwakeInstancesAfterBackupRestoration (8ms)
Platform modules already initialized, skipping
========================================================================
Worker process is ready to serve import requests
Launched and connected shader compiler UnityShaderCompiler.exe after 0.10 seconds
Refreshing native plugins compatible for Editor in 0.54 ms, found 3 plugins.
Preloading 0 native plugins for Editor in 0.00 ms.
Unloading 3252 Unused Serialized files (Serialized files now loaded: 0)
Unloading 24 unused Assets / (87.2 KB). Loaded Objects now: 3710.
Memory consumption went from 113.6 MB to 113.5 MB.
Total: 3.697200 ms (FindLiveObjects: 0.301300 ms CreateObjectMapping: 0.252200 ms MarkObjects: 3.028400 ms  DeleteObjects: 0.113900 ms)

AssetImportParameters requested are different than current active one (requested -> active):
  custom:video-decoder-ogg-theora: a1e56fd34408186e4bbccfd4996cb3dc -> 
  custom:container-muxer-webm: aa71ff27fc2769a1b78a27578f13a17b -> 
  custom:container-demuxer-webm: 4f35f7cbe854078d1ac9338744f61a02 -> 
  custom:video-encoder-webm-vp8: eb34c28f22e8b96e1ab97ce403110664 -> 
  custom:video-codec-MediaFoundation-h265: 746d11721c4dcdbdad8f713fa42b33f4 -> 
  custom:audio-encoder-webm-vorbis: bf7c407c2cedff20999df2af8eb42d56 -> 
  custom:framework-win-MediaFoundation: 216162199b28c13a410421893ffa2e32 -> 
  custom:container-demuxer-ogg: 62fdf1f143b41e24485cea50d1cbac27 -> 
  custom:video-decoder-webm-vp8: 9c59270c3fd7afecdb556c50c9e8de78 -> 
  custom:audio-decoder-ogg-vorbis: bf7c407c2cedff20999df2af8eb42d56 -> 
========================================================================
Received Import Request.
  Time since last request: 242603.284995 seconds.
  path: Assets/MainScene.unity
  artifactKey: Guid(2c2c380c81ddd4d42862747b298bf0f1) Importer(815301076,1909f56bfc062723c751e8b465ee728b)
Start importing Assets/MainScene.unity using Guid(2c2c380c81ddd4d42862747b298bf0f1) Importer(815301076,1909f56bfc062723c751e8b465ee728b)  -> (artifact id: '7352fc1a12b40c2b593bb89dacc7e84d') in 0.012731 seconds 
========================================================================
Received Import Request.
  Time since last request: 1.846966 seconds.
  path: Assets/TitleScene.unity
  artifactKey: Guid(8ac688318e3b16345b5cf0aae8654162) Importer(815301076,1909f56bfc062723c751e8b465ee728b)
Start importing Assets/TitleScene.unity using Guid(8ac688318e3b16345b5cf0aae8654162) Importer(815301076,1909f56bfc062723c751e8b465ee728b)  -> (artifact id: 'a266ae064278e75d6144159160f0c84e') in 0.007625 seconds 
========================================================================
Received Import Request.
  Time since last request: 2839.974878 seconds.
  path: Assets/GameMainScene.unity
  artifactKey: Guid(dbb53128db7f5a3428c93de648943b4e) Importer(815301076,1909f56bfc062723c751e8b465ee728b)
Start importing Assets/GameMainScene.unity using Guid(dbb53128db7f5a3428c93de648943b4e) Importer(815301076,1909f56bfc062723c751e8b465ee728b)  -> (artifact id: '5388c111fc7796987dcffff3b4b0a967') in 0.014633 seconds 
========================================================================
Received Import Request.
  Time since last request: 24.452689 seconds.
  path: Assets/GameMainScene.unity
  artifactKey: Guid(dbb53128db7f5a3428c93de648943b4e) Importer(815301076,1909f56bfc062723c751e8b465ee728b)
Start importing Assets/GameMainScene.unity using Guid(dbb53128db7f5a3428c93de648943b4e) Importer(815301076,1909f56bfc062723c751e8b465ee728b)  -> (artifact id: '21109ba5862bc781a9c73c725242d8ea') in 0.006142 seconds 
========================================================================
Received Import Request.
  Time since last request: 4966.451006 seconds.
  path: Assets/GameMainScene.unity
  artifactKey: Guid(dbb53128db7f5a3428c93de648943b4e) Importer(815301076,1909f56bfc062723c751e8b465ee728b)
Start importing Assets/GameMainScene.unity using Guid(dbb53128db7f5a3428c93de648943b4e) Importer(815301076,1909f56bfc062723c751e8b465ee728b)  -> (artifact id: '002cdce9a91113ee0815ac61ec8c2d88') in 0.011928 seconds 
========================================================================
Received Import Request.
  Time since last request: 51.009556 seconds.
  path: Assets/TitleScene.unity
  artifactKey: Guid(8ac688318e3b16345b5cf0aae8654162) Importer(815301076,1909f56bfc062723c751e8b465ee728b)
Start importing Assets/TitleScene.unity using Guid(8ac688318e3b16345b5cf0aae8654162) Importer(815301076,1909f56bfc062723c751e8b465ee728b)  -> (artifact id: '0947207f0da61b8392dc01a622e1725e') in 0.006434 seconds 
========================================================================
Received Import Request.
  Time since last request: 3821.423402 seconds.
  path: Assets/TitleScene.unity
  artifactKey: Guid(8ac688318e3b16345b5cf0aae8654162) Importer(815301076,1909f56bfc062723c751e8b465ee728b)
Start importing Assets/TitleScene.unity using Guid(8ac688318e3b16345b5cf0aae8654162) Importer(815301076,1909f56bfc062723c751e8b465ee728b)  -> (artifact id: '9ca3fcdb66083dacacafb5c02b3c718d') in 0.011287 seconds 
========================================================================
Received Import Request.
  Time since last request: 514.191857 seconds.
  path: Assets/TitleScene.unity
  artifactKey: Guid(8ac688318e3b16345b5cf0aae8654162) Importer(815301076,1909f56bfc062723c751e8b465ee728b)
Start importing Assets/TitleScene.unity using Guid(8ac688318e3b16345b5cf0aae8654162) Importer(815301076,1909f56bfc062723c751e8b465ee728b)  -> (artifact id: 'c65162d596abd72a7c5fe0bfff902c68') in 0.011136 seconds 
========================================================================
Received Import Request.
  Time since last request: 1.623437 seconds.
  path: Assets/TitleScene.unity
  artifactKey: Guid(8ac688318e3b16345b5cf0aae8654162) Importer(815301076,1909f56bfc062723c751e8b465ee728b)
Start importing Assets/TitleScene.unity using Guid(8ac688318e3b16345b5cf0aae8654162) Importer(815301076,1909f56bfc062723c751e8b465ee728b)  -> (artifact id: '764f1052819b7ccde9c5b26039b6ffd9') in 0.006218 seconds 
